<?xml version="1.0" encoding="UTF-8"?>
<robot generator="Robot 4.1.3 (Python 3.10.0 on darwin)" generated="20220320 18:42:34.894" rpa="false" schemaversion="2">
<suite id="s1" name="Google Home Search Rf Chrome" source="/Users/manikantanuv/Documents/Robot_Repositories/tests/google_home_search_rf_chrome.robot">
<kw name="Run Keyword" library="BuiltIn" type="SETUP">
<arg>Running the tests in chrome headless</arg>
<doc>Executes the given keyword with the given arguments.</doc>
<kw name="Running the tests in chrome headless" library="initialize">
<kw name="Get Chromedriver Path" library="chromedriver_manager">
<var>${driver}</var>
<msg timestamp="20220320 18:42:35.006" level="INFO">
</msg>
<msg timestamp="20220320 18:42:35.007" level="INFO">====== WebDriver manager ======</msg>
<msg timestamp="20220320 18:42:35.046" level="INFO">Current google-chrome version is 99.0.4844</msg>
<msg timestamp="20220320 18:42:35.046" level="INFO">Get LATEST chromedriver version for 99.0.4844 google-chrome</msg>
<msg timestamp="20220320 18:42:35.299" level="INFO">Driver [/Users/manikantanuv/Documents/Robot_Repositories/drivers/chromedriver/mac64_m1/99.0.4844.51/chromedriver] found in cache</msg>
<msg timestamp="20220320 18:42:35.299" level="INFO">/Users/manikantanuv/Documents/Robot_Repositories/drivers/chromedriver/mac64_m1/99.0.4844.51/chromedriver</msg>
<msg timestamp="20220320 18:42:35.299" level="INFO">====== WebDriver manager ======
Current google-chrome version is 99.0.4844
Get LATEST chromedriver version for 99.0.4844 google-chrome
Driver [/Users/manikantanuv/Documents/Robot_Repositories/drivers/chromedriver/mac64_m1/99.0.4844.51/chromedriver] found in cache</msg>
<msg timestamp="20220320 18:42:35.299" level="INFO">${driver} = /Users/manikantanuv/Documents/Robot_Repositories/drivers/chromedriver/mac64_m1/99.0.4844.51/chromedriver</msg>
<status status="PASS" starttime="20220320 18:42:35.006" endtime="20220320 18:42:35.300"/>
</kw>
<kw name="Log" library="BuiltIn">
<arg>${driver}</arg>
<doc>Logs the given message with the given level.</doc>
<msg timestamp="20220320 18:42:35.300" level="INFO">/Users/manikantanuv/Documents/Robot_Repositories/drivers/chromedriver/mac64_m1/99.0.4844.51/chromedriver</msg>
<status status="PASS" starttime="20220320 18:42:35.300" endtime="20220320 18:42:35.300"/>
</kw>
<kw name="Evaluate" library="BuiltIn">
<var>${chrome options}</var>
<arg>sys.modules['selenium.webdriver'].ChromeOptions()</arg>
<arg>sys, selenium.webdriver</arg>
<doc>Evaluates the given expression in Python and returns the result.</doc>
<msg timestamp="20220320 18:42:35.301" level="INFO">${chrome options} = &lt;selenium.webdriver.chrome.options.Options object at 0x102967430&gt;</msg>
<status status="PASS" starttime="20220320 18:42:35.300" endtime="20220320 18:42:35.301"/>
</kw>
<kw name="Call Method" library="BuiltIn">
<arg>${chrome options}</arg>
<arg>add_argument</arg>
<arg>headless</arg>
<doc>Calls the named method of the given object with the provided arguments.</doc>
<status status="PASS" starttime="20220320 18:42:35.301" endtime="20220320 18:42:35.301"/>
</kw>
<kw name="Call Method" library="BuiltIn">
<arg>${chrome options}</arg>
<arg>add_argument</arg>
<arg>disable-gpu</arg>
<doc>Calls the named method of the given object with the provided arguments.</doc>
<status status="PASS" starttime="20220320 18:42:35.301" endtime="20220320 18:42:35.302"/>
</kw>
<kw name="Create Webdriver" library="SeleniumLibrary">
<arg>Chrome</arg>
<arg>chrome_options=${chrome options}</arg>
<arg>executable_path=${driver}</arg>
<doc>Creates an instance of Selenium WebDriver.</doc>
<msg timestamp="20220320 18:42:35.302" level="INFO">Creating an instance of the Chrome WebDriver.</msg>
<status status="PASS" starttime="20220320 18:42:35.302" endtime="20220320 18:42:36.043"/>
</kw>
<status status="PASS" starttime="20220320 18:42:35.006" endtime="20220320 18:42:36.043"/>
</kw>
<status status="PASS" starttime="20220320 18:42:35.005" endtime="20220320 18:42:36.044"/>
</kw>
<test id="s1-t1" name="TC_03 Goto https://www.google.com and search Python">
<kw name="Given Navigate to Webpage" library="pg_google_home">
<kw name="Go To" library="SeleniumLibrary">
<arg>${site_url}</arg>
<doc>Navigates the current browser window to the provided ``url``.</doc>
<msg timestamp="20220320 18:42:36.045" level="INFO">Opening url 'https://www.google.com'</msg>
<status status="PASS" starttime="20220320 18:42:36.044" endtime="20220320 18:42:40.582"/>
</kw>
<status status="PASS" starttime="20220320 18:42:36.044" endtime="20220320 18:42:40.583"/>
</kw>
<kw name="When Webpage is open and title is visible" library="pg_google_home">
<kw name="Title Should Be" library="SeleniumLibrary">
<arg>${title_url}</arg>
<doc>Verifies that the current page title equals ``title``.</doc>
<msg timestamp="20220320 18:42:40.587" level="INFO">Page title is 'Google'.</msg>
<status status="PASS" starttime="20220320 18:42:40.583" endtime="20220320 18:42:40.587"/>
</kw>
<status status="PASS" starttime="20220320 18:42:40.583" endtime="20220320 18:42:40.587"/>
</kw>
<kw name="Then Search something in google search bar" library="pg_google_home">
<arg>${searchitem}[4]</arg>
<kw name="Input Text" library="SeleniumLibrary">
<arg>${ele_search}</arg>
<arg>${searchitem}</arg>
<doc>Types the given ``text`` into the text field identified by ``locator``.</doc>
<msg timestamp="20220320 18:42:40.588" level="INFO">Typing text 'Welcome to Python.org' into text field 'xpath://input[@title='Search']'.</msg>
<status status="PASS" starttime="20220320 18:42:40.588" endtime="20220320 18:42:40.669"/>
</kw>
<kw name="Click Element" library="SeleniumLibrary">
<arg>${ele_btn_search}</arg>
<doc>Click the element identified by ``locator``.</doc>
<msg timestamp="20220320 18:42:40.669" level="INFO">Clicking element 'xpath:(//*[@value='Google Search'])[2]'.</msg>
<status status="PASS" starttime="20220320 18:42:40.669" endtime="20220320 18:42:47.990"/>
</kw>
<status status="PASS" starttime="20220320 18:42:40.587" endtime="20220320 18:42:47.990"/>
</kw>
<kw name="And Validate search results has ${searchitem}[4]" library="pg_google_home" sourcename="Validate search results has ${searchitem}">
<kw name="Wait Until Page Contains" library="SeleniumLibrary">
<arg>Google</arg>
<doc>Waits until ``text`` appears on the current page.</doc>
<status status="PASS" starttime="20220320 18:42:47.991" endtime="20220320 18:42:48.001"/>
</kw>
<kw name="Page Should Contain" library="SeleniumLibrary">
<arg>${searchitem}</arg>
<doc>Verifies that current page contains ``text``.</doc>
<msg timestamp="20220320 18:42:48.011" level="INFO">Current page contains text 'Welcome to Python.org'.</msg>
<status status="PASS" starttime="20220320 18:42:48.002" endtime="20220320 18:42:48.012"/>
</kw>
<status status="PASS" starttime="20220320 18:42:47.990" endtime="20220320 18:42:48.012"/>
</kw>
<kw name="And Click on first link that contains Robot Framework and validate title" library="pg_google_home">
<arg>${searchitem}[4]</arg>
<arg>${title}[4]</arg>
<kw name="Click Element" library="SeleniumLibrary">
<arg>xpath=//h3[text()=\'${searchitem}']</arg>
<doc>Click the element identified by ``locator``.</doc>
<msg timestamp="20220320 18:42:48.013" level="INFO">Clicking element 'xpath=//h3[text()='Welcome to Python.org']'.</msg>
<status status="PASS" starttime="20220320 18:42:48.012" endtime="20220320 18:42:48.038"/>
</kw>
<kw name="Wait Until Page Contains Element" library="SeleniumLibrary">
<arg>//title[text()=\'${title}\']</arg>
<arg>10</arg>
<doc>Waits until the element ``locator`` appears on the current page.</doc>
<status status="PASS" starttime="20220320 18:42:48.039" endtime="20220320 18:42:53.667"/>
</kw>
<kw name="Title Should Be" library="SeleniumLibrary">
<arg>${title}</arg>
<doc>Verifies that the current page title equals ``title``.</doc>
<msg timestamp="20220320 18:42:53.671" level="INFO">Page title is 'Welcome to Python.org'.</msg>
<status status="PASS" starttime="20220320 18:42:53.667" endtime="20220320 18:42:53.671"/>
</kw>
<kw name="Capture Page Screenshot" library="SeleniumLibrary">
<doc>Takes a screenshot of the current page and embeds it into a log file.</doc>
<msg timestamp="20220320 18:42:53.733" level="INFO" html="true">&lt;/td&gt;&lt;/tr&gt;&lt;tr&gt;&lt;td colspan="3"&gt;&lt;a href="selenium-screenshot-10.png"&gt;&lt;img src="selenium-screenshot-10.png" width="800px"&gt;&lt;/a&gt;</msg>
<status status="PASS" starttime="20220320 18:42:53.671" endtime="20220320 18:42:53.734"/>
</kw>
<status status="PASS" starttime="20220320 18:42:48.012" endtime="20220320 18:42:53.734"/>
</kw>
<status status="PASS" starttime="20220320 18:42:36.044" endtime="20220320 18:42:53.734"/>
</test>
<kw name="Close all browsers sessions" library="initialize" type="TEARDOWN">
<kw name="Close All Browsers" library="SeleniumLibrary">
<doc>Closes all open browsers and resets the browser cache.</doc>
<status status="PASS" starttime="20220320 18:42:53.735" endtime="20220320 18:42:53.799"/>
</kw>
<status status="PASS" starttime="20220320 18:42:53.734" endtime="20220320 18:42:53.799"/>
</kw>
<status status="PASS" starttime="20220320 18:42:34.896" endtime="20220320 18:42:53.799"/>
</suite>
<statistics>
<total>
<stat pass="1" fail="0" skip="0">All Tests</stat>
</total>
<tag>
</tag>
<suite>
<stat pass="1" fail="0" skip="0" id="s1" name="Google Home Search Rf Chrome">Google Home Search Rf Chrome</stat>
</suite>
</statistics>
<errors>
</errors>
</robot>
