<?xml version="1.0" encoding="UTF-8"?>
<robot generator="Robot 4.1.3 (Python 3.10.0 on darwin)" generated="20220319 21:52:46.966" rpa="false" schemaversion="2">
<suite id="s1" name="Google Home Search Rf" source="/Users/manikantanuv/Documents/Robot Repositories/tests/google_home_search_rf.robot">
<kw name="Run Keyword" library="BuiltIn" type="SETUP">
<arg>Start Browser and Maximize using ChromedriverManager</arg>
<doc>Executes the given keyword with the given arguments.</doc>
<kw name="Start Browser and Maximize using ChromedriverManager" library="initialize">
<kw name="Get Chromedriver Path" library="chromedriver_manager">
<var>${driver}</var>
<msg timestamp="20220319 21:52:47.075" level="INFO">
</msg>
<msg timestamp="20220319 21:52:47.076" level="INFO">====== WebDriver manager ======</msg>
<msg timestamp="20220319 21:52:47.112" level="INFO">Current google-chrome version is 99.0.4844</msg>
<msg timestamp="20220319 21:52:47.112" level="INFO">Get LATEST chromedriver version for 99.0.4844 google-chrome</msg>
<msg timestamp="20220319 21:52:47.432" level="INFO">Driver [/Users/manikantanuv/Documents/Robot Repositories/drivers/chromedriver/mac64_m1/99.0.4844.51/chromedriver] found in cache</msg>
<msg timestamp="20220319 21:52:47.433" level="INFO">/Users/manikantanuv/Documents/Robot Repositories/drivers/chromedriver/mac64_m1/99.0.4844.51/chromedriver</msg>
<msg timestamp="20220319 21:52:47.433" level="INFO">====== WebDriver manager ======
Current google-chrome version is 99.0.4844
Get LATEST chromedriver version for 99.0.4844 google-chrome
Driver [/Users/manikantanuv/Documents/Robot Repositories/drivers/chromedriver/mac64_m1/99.0.4844.51/chromedriver] found in cache</msg>
<msg timestamp="20220319 21:52:47.433" level="INFO">${driver} = /Users/manikantanuv/Documents/Robot Repositories/drivers/chromedriver/mac64_m1/99.0.4844.51/chromedriver</msg>
<status status="PASS" starttime="20220319 21:52:47.075" endtime="20220319 21:52:47.433"/>
</kw>
<kw name="Log" library="BuiltIn">
<arg>${driver}</arg>
<doc>Logs the given message with the given level.</doc>
<msg timestamp="20220319 21:52:47.434" level="INFO">/Users/manikantanuv/Documents/Robot Repositories/drivers/chromedriver/mac64_m1/99.0.4844.51/chromedriver</msg>
<status status="PASS" starttime="20220319 21:52:47.434" endtime="20220319 21:52:47.434"/>
</kw>
<kw name="Create Webdriver" library="SeleniumLibrary">
<arg>Chrome</arg>
<arg>executable_path=${driver}</arg>
<doc>Creates an instance of Selenium WebDriver.</doc>
<msg timestamp="20220319 21:52:47.435" level="INFO">Creating an instance of the Chrome WebDriver.</msg>
<status status="PASS" starttime="20220319 21:52:47.434" endtime="20220319 21:52:48.715"/>
</kw>
<kw name="Maximize Browser Window" library="SeleniumLibrary">
<doc>Maximizes current browser window.</doc>
<status status="PASS" starttime="20220319 21:52:48.715" endtime="20220319 21:52:48.821"/>
</kw>
<status status="PASS" starttime="20220319 21:52:47.074" endtime="20220319 21:52:48.822"/>
</kw>
<status status="PASS" starttime="20220319 21:52:47.074" endtime="20220319 21:52:48.822"/>
</kw>
<test id="s1-t1" name="TC_02 Goto https://www.google.com and search Flipkart">
<kw name="Given Navigate to Webpage" library="pg_google_home">
<kw name="Go To" library="SeleniumLibrary">
<arg>${site_url}</arg>
<doc>Navigates the current browser window to the provided ``url``.</doc>
<msg timestamp="20220319 21:52:48.823" level="INFO">Opening url 'https://www.google.com'</msg>
<status status="PASS" starttime="20220319 21:52:48.823" endtime="20220319 21:52:54.460"/>
</kw>
<status status="PASS" starttime="20220319 21:52:48.823" endtime="20220319 21:52:54.460"/>
</kw>
<kw name="When Webpage is open and title is visible" library="pg_google_home">
<kw name="Title Should Be" library="SeleniumLibrary">
<arg>${title_url}</arg>
<doc>Verifies that the current page title equals ``title``.</doc>
<msg timestamp="20220319 21:52:54.463" level="INFO">Page title is 'Google'.</msg>
<status status="PASS" starttime="20220319 21:52:54.460" endtime="20220319 21:52:54.463"/>
</kw>
<status status="PASS" starttime="20220319 21:52:54.460" endtime="20220319 21:52:54.463"/>
</kw>
<kw name="Then Search something in google search bar" library="pg_google_home">
<arg>${searchitem}[2]</arg>
<kw name="Input Text" library="SeleniumLibrary">
<arg>${ele_search}</arg>
<arg>${searchitem}</arg>
<doc>Types the given ``text`` into the text field identified by ``locator``.</doc>
<msg timestamp="20220319 21:52:54.464" level="INFO">Typing text 'Flipkart' into text field 'xpath://input[@title='Search']'.</msg>
<status status="PASS" starttime="20220319 21:52:54.464" endtime="20220319 21:52:54.525"/>
</kw>
<kw name="Click Element" library="SeleniumLibrary">
<arg>${ele_btn_search}</arg>
<doc>Click the element identified by ``locator``.</doc>
<msg timestamp="20220319 21:52:54.525" level="INFO">Clicking element 'xpath:(//*[@value='Google Search'])[2]'.</msg>
<status status="PASS" starttime="20220319 21:52:54.525" endtime="20220319 21:53:06.213"/>
</kw>
<status status="PASS" starttime="20220319 21:52:54.464" endtime="20220319 21:53:06.213"/>
</kw>
<kw name="And Validate search results has ${searchitem}[2]" library="pg_google_home" sourcename="Validate search results has ${searchitem}">
<kw name="Wait Until Page Contains" library="SeleniumLibrary">
<arg>Google</arg>
<doc>Waits until ``text`` appears on the current page.</doc>
<status status="PASS" starttime="20220319 21:53:06.214" endtime="20220319 21:53:06.229"/>
</kw>
<kw name="Page Should Contain" library="SeleniumLibrary">
<arg>${searchitem}</arg>
<doc>Verifies that current page contains ``text``.</doc>
<msg timestamp="20220319 21:53:06.248" level="INFO">Current page contains text 'Flipkart'.</msg>
<status status="PASS" starttime="20220319 21:53:06.229" endtime="20220319 21:53:06.248"/>
</kw>
<status status="PASS" starttime="20220319 21:53:06.214" endtime="20220319 21:53:06.249"/>
</kw>
<kw name="And Click on first link that contains Robot Framework and validate title" library="pg_google_home">
<arg>${searchitem}[2]</arg>
<arg>${title}[2]</arg>
<kw name="Click Element" library="SeleniumLibrary">
<arg>xpath=//h3[text()=\'${searchitem}']</arg>
<doc>Click the element identified by ``locator``.</doc>
<msg timestamp="20220319 21:53:06.249" level="INFO">Clicking element 'xpath=//h3[text()='Flipkart']'.</msg>
<status status="PASS" starttime="20220319 21:53:06.249" endtime="20220319 21:53:14.969"/>
</kw>
<kw name="Title Should Be" library="SeleniumLibrary">
<arg>${title}</arg>
<doc>Verifies that the current page title equals ``title``.</doc>
<msg timestamp="20220319 21:53:14.974" level="INFO">Page title is 'Online Shopping Site for Mobiles, Electronics, Furniture, Grocery, Lifestyle, Books &amp; More. Best Offers!'.</msg>
<status status="PASS" starttime="20220319 21:53:14.969" endtime="20220319 21:53:14.974"/>
</kw>
<kw name="Capture Page Screenshot" library="SeleniumLibrary">
<doc>Takes a screenshot of the current page and embeds it into a log file.</doc>
<msg timestamp="20220319 21:53:15.128" level="INFO" html="true">&lt;/td&gt;&lt;/tr&gt;&lt;tr&gt;&lt;td colspan="3"&gt;&lt;a href="selenium-screenshot-29.png"&gt;&lt;img src="selenium-screenshot-29.png" width="800px"&gt;&lt;/a&gt;</msg>
<status status="PASS" starttime="20220319 21:53:14.974" endtime="20220319 21:53:15.128"/>
</kw>
<status status="PASS" starttime="20220319 21:53:06.249" endtime="20220319 21:53:15.128"/>
</kw>
<status status="PASS" starttime="20220319 21:52:48.822" endtime="20220319 21:53:15.128"/>
</test>
<kw name="Close all browsers sessions" library="initialize" type="TEARDOWN">
<kw name="Close All Browsers" library="SeleniumLibrary">
<doc>Closes all open browsers and resets the browser cache.</doc>
<status status="PASS" starttime="20220319 21:53:15.129" endtime="20220319 21:53:15.200"/>
</kw>
<status status="PASS" starttime="20220319 21:53:15.129" endtime="20220319 21:53:15.200"/>
</kw>
<status status="PASS" starttime="20220319 21:52:46.967" endtime="20220319 21:53:15.200"/>
</suite>
<statistics>
<total>
<stat pass="1" fail="0" skip="0">All Tests</stat>
</total>
<tag>
</tag>
<suite>
<stat pass="1" fail="0" skip="0" id="s1" name="Google Home Search Rf">Google Home Search Rf</stat>
</suite>
</statistics>
<errors>
</errors>
</robot>
